"../../../Engine/Content/Animation/DefaultAnimCurveCompressionSettings.uasset" 0
"../../../Engine/Content/Functions/Engine_MaterialFunctions01/Opacity/CameraDepthFade.uasset" 1
"../../../Engine/Content/EngineMaterials/T_Default_Material_Grid_M.uasset" 2
"../../../Engine/Content/EngineMaterials/T_Default_Material_Grid_N.uasset" 3
"../../../Engine/Content/EngineMaterials/WorldGridMaterial.uasset" 4
"../../../Engine/Content/ArtTools/RenderToTexture/Meshes/S_1_Unit_Plane.uasset" 5
"../../../Engine/Content/EngineMaterials/DefaultMaterial.uasset" 6
"../../../Engine/Content/BasicShapes/Cone.uasset" 7
"../../../Engine/Content/BasicShapes/Plane.uasset" 8
"../../../Engine/Content/BasicShapes/Sphere.uasset" 9
"../../../Engine/Content/EditorLandscapeResources/DataLayer.uasset" 10
"../../../Engine/Content/EditorMaterials/GizmoMaterial.uasset" 11
"../../../Engine/Content/EditorMaterials/MAT_Groups_Toggle.uasset" 12
"../../../Engine/Content/EditorMaterials/MAT_Groups_Visibility.uasset" 13
"../../../Engine/Content/EditorMaterials/PreviewShadowIndicator.uasset" 14
"../../../Engine/Content/EditorMaterials/PreviewShadowIndicatorMaterial.uasset" 15
"../../../Engine/Content/EditorMaterials/MatineeGroups/MAT_ColorTrack.uasset" 16
"../../../Engine/Content/EditorMaterials/MatineeGroups/MAT_Groups_Anim.uasset" 17
"../../../Engine/Content/EditorMaterials/MatineeGroups/MAT_Groups_AudioMaster.uasset" 18
"../../../Engine/Content/EditorMaterials/MatineeGroups/MAT_Groups_Director.uasset" 19
"../../../Engine/Content/EditorMaterials/MatineeGroups/MAT_Groups_Event.uasset" 20
"../../../Engine/Content/EditorMaterials/MatineeGroups/MAT_Groups_Fade.uasset" 21
"../../../Engine/Content/EditorMaterials/MatineeGroups/MAT_Groups_Float.uasset" 22
"../../../Engine/Content/EditorMaterials/MatineeGroups/MAT_Groups_Move.uasset" 23
"../../../Engine/Content/EditorMaterials/MatineeGroups/MAT_Groups_Slomo.uasset" 24
"../../../Engine/Content/EditorMaterials/MatineeGroups/MAT_Groups_Sound.uasset" 25
"../../../Engine/Content/EditorMaterials/MatineeGroups/MAT_Groups_Vector.uasset" 26
"../../../Engine/Content/EditorMaterials/ParticleSystems/PSysThumbnail_NoImage.uasset" 27
"../../../Engine/Content/EditorMaterials/ParticleSystems/PSysThumbnail_OOD.uasset" 28
"../../../Engine/Content/EditorMaterials/Camera/CineMat.uasset" 29
"../../../Engine/Content/EditorMaterials/Camera/MI_CineMat_Rig.uasset" 30
"../../../Engine/Content/EditorMeshes/Camera/SM_CraneRig_Arm.uasset" 31
"../../../Engine/Content/EditorMeshes/Camera/SM_CraneRig_Base.uasset" 32
"../../../Engine/Content/EditorMeshes/Camera/SM_CraneRig_Body.uasset" 33
"../../../Engine/Content/EditorMeshes/Camera/SM_CraneRig_Mount.uasset" 34
"../../../Engine/Content/EditorMeshes/Camera/SM_RailRig_Mount.uasset" 35
"../../../Engine/Content/EditorMeshes/Camera/SM_RailRig_Track.uasset" 36
"../../../Engine/Content/EditorResources/BSPVertex.uasset" 37
"../../../Engine/Content/EditorResources/EmptyActor.uasset" 38
"../../../Engine/Content/EditorResources/S_Actor.uasset" 39
"../../../Engine/Content/EditorResources/S_Note.uasset" 40
"../../../Engine/Content/EditorResources/S_Trigger.uasset" 41
"../../../Engine/Content/EditorResources/LightIcons/S_LightError.uasset" 42
"../../../Engine/Content/EditorResources/SequenceRecorder/Countdown.uasset" 43
"../../../Engine/Content/EditorResources/SequenceRecorder/RecordingIndicator.uasset" 44
"../../../Engine/Content/EditorSounds/Notifications/CompileFailed.uasset" 45
"../../../Engine/Content/EditorSounds/Notifications/CompileFailed_Cue.uasset" 46
"../../../Engine/Content/EditorSounds/Notifications/CompileSuccess.uasset" 47
"../../../Engine/Content/EditorSounds/Notifications/CompileStart_Cue.uasset" 48
"../../../Engine/Content/EditorSounds/Notifications/CompileSuccess_Cue.uasset" 49
"../../../Engine/Content/EngineDamageTypes/DmgTypeBP_Environmental.uasset" 50
"../../../Engine/Content/EngineDebugMaterials/HeatmapGradient.uasset" 51
"../../../Engine/Content/EngineDebugMaterials/BoneWeightMaterial.uasset" 52
"../../../Engine/Content/EngineDebugMaterials/ClothMaterial.uasset" 53
"../../../Engine/Content/EngineDebugMaterials/ClothMaterial_WF.uasset" 54
"../../../Engine/Content/EngineDebugMaterials/DebugEditorMaterial.uasset" 55
"../../../Engine/Content/EngineDebugMaterials/DebugMeshMaterial.uasset" 56
"../../../Engine/Content/EngineDebugMaterials/GeomMaterial.uasset" 57
"../../../Engine/Content/EngineDebugMaterials/M_SimpleTranslucent.uasset" 58
"../../../Engine/Content/EngineFonts/Faces/RobotoBold.uasset" 59
"../../../Engine/Content/EngineFonts/Faces/RobotoBoldItalic.uasset" 60
"../../../Engine/Content/EngineFonts/Faces/RobotoItalic.uasset" 61
"../../../Engine/Content/EngineFonts/Faces/RobotoLight.uasset" 62
"../../../Engine/Content/EngineFonts/Faces/RobotoRegular.uasset" 63
"../../../Engine/Content/EngineFonts/Roboto.uasset" 64
"../../../Engine/Content/EngineFonts/Faces/RobotoTiny.uasset" 65
"../../../Engine/Content/EngineFonts/RobotoTiny.uasset" 66
"../../../Engine/Content/EngineMaterials/BaseFlattenDiffuseMap.uasset" 67
"../../../Engine/Content/EngineMaterials/BaseFlattenEmissiveMap.uasset" 68
"../../../Engine/Content/EngineMaterials/BaseFlattenGrayscaleMap.uasset" 69
"../../../Engine/Content/EngineMaterials/BaseFlattenNormalMap.uasset" 70
"../../../Engine/Content/EngineMaterials/BaseFlattenMaterial.uasset" 71
"../../../Engine/Content/EngineMaterials/DefaultBloomKernel.uasset" 72
"../../../Engine/Content/EngineMaterials/DefaultBokeh.uasset" 73
"../../../Engine/Content/EngineMaterials/DefaultDiffuse.uasset" 74
"../../../Engine/Content/EngineMaterials/DefaultDeferredDecalMaterial.uasset" 75
"../../../Engine/Content/EngineMaterials/DefaultLightFunctionMaterial.uasset" 76
"../../../Engine/Content/EngineMaterials/DefaultPhysicalMaterial.uasset" 77
"../../../Engine/Content/Functions/Engine_MaterialFunctions02/Utility/BreakOutFloat2Components.uasset" 78
"../../../Engine/Content/EngineMaterials/DefaultPostProcessMaterial.uasset" 79
"../../../Engine/Content/EngineFonts/RobotoDistanceField.uasset" 80
"../../../Engine/Content/EngineMaterials/DefaultTextMaterialOpaque.uasset" 81
"../../../Engine/Content/EngineMaterials/DefaultWhiteGrid.uasset" 82
"../../../Engine/Content/EngineMaterials/EditorBrushMaterial.uasset" 83
"../../../Engine/Content/EngineMaterials/Good64x64TilingNoiseHighFreq.uasset" 84
"../../../Engine/Content/EngineMaterials/MiniFont.uasset" 85
"../../../Engine/Content/EngineMaterials/InvalidLightmapSettings.uasset" 86
"../../../Engine/Content/EngineMaterials/M_InvalidLightmapSettings.uasset" 87
"../../../Engine/Content/Functions/Engine_MaterialFunctions02/WorldPositionOffset/CameraOffset.uasset" 88
"../../../Engine/Content/EngineMaterials/PhAT_JointLimitMaterial.uasset" 89
"../../../Engine/Content/EngineMaterials/PreintegratedSkinBRDF.uasset" 90
"../../../Engine/Content/EngineMaterials/RemoveSurfaceMaterial.uasset" 91
"../../../Engine/Content/EngineMaterials/WeightMapPlaceholderTexture.uasset" 92
"../../../Engine/Content/EngineResources/WhiteSquareTexture.uasset" 93
"../../../Engine/Content/EngineMaterials/Widget3DPassThrough.uasset" 94
"../../../Engine/Content/EngineMaterials/Widget3DPassThrough_Masked.uasset" 95
"../../../Engine/Content/EngineMaterials/Widget3DPassThrough_Opaque.uasset" 96
"../../../Engine/Content/EngineMaterials/Widget3DPassThrough_Masked_OneSided.uasset" 97
"../../../Engine/Content/EngineMaterials/Widget3DPassThrough_Opaque_OneSided.uasset" 98
"../../../Engine/Content/EngineMaterials/Widget3DPassThrough_Translucent.uasset" 99
"../../../Engine/Content/EngineMaterials/Widget3DPassThrough_Translucent_OneSided.uasset" 100
"../../../Engine/Content/EngineMeshes/Cylinder.uasset" 101
"../../../Engine/Content/EngineMeshes/Sphere.uasset" 102
"../../../Engine/Content/EngineResources/Black.uasset" 103
"../../../Engine/Content/EngineResources/DefaultTexture.uasset" 104
"../../../Engine/Content/EngineResources/DefaultTextureCube.uasset" 105
"../../../Engine/Content/EngineResources/DefaultVolumeTexture2D.uasset" 106
"../../../Engine/Content/EngineResources/DefaultVolumeTexture.uasset" 107
"../../../Engine/Content/EngineResources/GradientTexture0.uasset" 108
"../../../Engine/Content/EngineSounds/Master.uasset" 109
"../../../Engine/Content/Functions/Engine_MaterialFunctions01/Shading/ConvertFromDiffSpec.uasset" 110
"../../../Engine/Content/Functions/Engine_MaterialFunctions01/Shading/PowerToRoughness.uasset" 111
"../../../Engine/Content/Maps/Templates/Thumbnails/Default.uasset" 112
"../../../Engine/Content/Maps/Templates/Thumbnails/VR-Basic.uasset" 113
"../../../Engine/Content/MobileResources/T_MobileControls_texture.uasset" 114
"../../../Engine/Content/MobileResources/T_MobileMenu2.uasset" 115
"../../../Engine/Content/MobileResources/HUD/AnalogHat.uasset" 116
"../../../Engine/Content/MobileResources/HUD/VirtualJoystick_Background.uasset" 117
"../../../Engine/Content/MobileResources/HUD/VirtualJoystick_Thumb.uasset" 118
"../../../Engine/Content/MobileResources/HUD/DefaultVirtualJoysticks.uasset" 119
"../../../Engine/Content/MobileResources/HUD/LeftVirtualJoystickOnly.uasset" 120
"../../../Engine/Content/MobileResources/HUD/MobileHUDButton1_off.uasset" 121
"../../../Engine/Content/MobileResources/HUD/MobileHUDButton1_on.uasset" 122
"../../../Engine/Content/MobileResources/HUD/MobileHUDButton2_off.uasset" 123
"../../../Engine/Content/MobileResources/HUD/MobileHUDButton2_on.uasset" 124
"../../../Engine/Content/MobileResources/HUD/MobileHUDButton3.uasset" 125
"../../../Engine/Content/MobileResources/HUD/MobileHUDButtonFire.uasset" 126
"../../../Engine/Content/MobileResources/HUD/MobileHUDDirectionPad.uasset" 127
"../../../Engine/Content/MobileResources/HUD/MobileHUDDirectionPad2.uasset" 128
"../../../Engine/Content/MobileResources/HUD/MobileHUDDirectionPad3.uasset" 129
"../../../Engine/Content/MobileResources/HUD/MobileHUDDirectionStick.uasset" 130
"../../../Engine/Content/MobileResources/HUD/T_Castle_ThumbstickInner.uasset" 131
"../../../Engine/Content/MobileResources/HUD/T_Castle_ThumbstickOutter.uasset" 132
"../../../Engine/Content/Tutorial/ContentIntroCurve.uasset" 133
"../../../Engine/Content/Tutorial/Basics/LevelEditorAttract.uasset" 134
"../../../Engine/Content/Tutorial/SubEditors/GettingSubstance.uasset" 135
"../../../Engine/Content/VREditor/LaserPointer/VR_LaserPower_01.uasset" 136
"../../../Engine/Content/VREditor/TransformGizmo/TransformGizmoMaterial.uasset" 137
"../../../Engine/Content/VREditor/TransformGizmo/TranslucentTransformGizmoMaterial.uasset" 138
"../../../Engine/Content/VREditor/TransformGizmo/BoundingBoxCorner.uasset" 139
"../../../Engine/Content/VREditor/TransformGizmo/BoundingBoxEdge.uasset" 140
"../../../Engine/Content/VREditor/TransformGizmo/PlaneTranslationHandle.uasset" 141
"../../../Engine/Content/VREditor/TransformGizmo/Main.uasset" 142
"../../../Engine/Content/VREditor/TransformGizmo/Xray.uasset" 143
"../../../Engine/Content/VREditor/TransformGizmo/SM_Sequencer_Key.uasset" 144
"../../../Engine/Content/VREditor/TransformGizmo/SM_Sequencer_Node.uasset" 145
"../../Plugins/2D/Paper2D/Content/PlaceholderTextures/DummySpriteTexture.uasset" 146
"../../Plugins/2D/Paper2D/Content/DummySprite.uasset" 147
"../../Plugins/2D/Paper2D/Content/DefaultPaperTerrainMaterial.uasset" 148
"../../Plugins/2D/Paper2D/Content/DummySpriteTexture.uasset" 149
"../../Plugins/2D/Paper2D/Content/DefaultSpriteMaterial.uasset" 150
"../../Plugins/2D/Paper2D/Content/MaskedUnlitSpriteMaterial.uasset" 151
"../../Plugins/2D/Paper2D/Content/OpaqueUnlitSpriteMaterial.uasset" 152
"../../Plugins/Runtime/Oculus/OculusVR/Content/OculusMR_RenderTarget.uasset" 153
"../../../Engine/Content/Functions/Engine_MaterialFunctions02/Utility/BreakOutFloat4Components.uasset" 154
"../../../Engine/Content/Functions/Engine_MaterialFunctions02/Utility/MakeFloat2.uasset" 155
"../../../Engine/Content/Functions/Engine_MaterialFunctions02/Utility/MakeFloat3.uasset" 156
"../../Plugins/Runtime/Oculus/OculusVR/Content/Materials/OculusMR_ChromaKey.uasset" 157
"../../Plugins/Runtime/Oculus/OculusVR/Content/Materials/OculusMR_ChromaKey_Lit.uasset" 158
"../../Plugins/Runtime/Oculus/OculusVR/Content/Materials/OculusMR_OpaqueColoredMaterial.uasset" 159
"../../Plugins/Runtime/Oculus/OculusVR/Content/Materials/OculusMR_WhiteMaterial.uasset" 160
"../../Plugins/Runtime/Oculus/OculusVR/Content/Materials/PokeAHoleMaterial.uasset" 161
"../../Plugins/Runtime/Oculus/OculusVR/Content/Textures/GearVRController_AO.uasset" 162
"../../Plugins/Runtime/Oculus/OculusVR/Content/Textures/GearVRController_Color.uasset" 163
"../../Plugins/Runtime/Oculus/OculusVR/Content/Textures/GearVRController_Normal.uasset" 164
"../../Plugins/Runtime/Oculus/OculusVR/Content/Materials/GearVRControllerMaterial.uasset" 165
"../../Plugins/Runtime/Oculus/OculusVR/Content/Meshes/GearVrController.uasset" 166
"../../Plugins/Runtime/Oculus/OculusVR/Content/Textures/touchController_albedo.uasset" 167
"../../Plugins/Runtime/Oculus/OculusVR/Content/Textures/touchController_controlmap.uasset" 168
"../../Plugins/Runtime/Oculus/OculusVR/Content/Materials/touchController_mat.uasset" 169
"../../Plugins/Runtime/Oculus/OculusVR/Content/Meshes/LeftTouchController.uasset" 170
"../../Plugins/Runtime/Oculus/OculusVR/Content/Meshes/RiftHMD.uasset" 171
"../../Plugins/Runtime/Oculus/OculusVR/Content/Meshes/RightTouchController.uasset" 172
"../../../Engine/Content/EditorBlueprintResources/StandardMacros.uasset" 173
"../../../../../../../Users/Slade/OneDrive/Desktop/Realm Studio/Realm/Content/BLUEPRINTS/SaveGame/ST_LevelInfo.uasset" 174
"../../../../../../../Users/Slade/OneDrive/Desktop/Realm Studio/Realm/Content/StaticMesh/Props/EkeycardType.uasset" 175
"../../../../../../../Users/Slade/OneDrive/Desktop/Realm Studio/Realm/Content/BLUEPRINTS/SaveGame/ST_PlayerInfo.uasset" 176
"../../../../../../../Users/Slade/OneDrive/Desktop/Realm Studio/Realm/Content/BLUEPRINTS/SaveGame/SG_SaveGame.uasset" 177
"../../../Engine/Content/EngineMeshes/Humanoid.uasset" 178
"../../../../../../../Users/Slade/OneDrive/Desktop/Realm Studio/Realm/Content/CHARACTERS/Evelyn/Evelyn_Skeleton.uasset" 179
"../../../../../../../Users/Slade/OneDrive/Desktop/Realm Studio/Realm/Content/Characters/Evelyn/Animations/withweapon/Evelyn_rifle_Rifle_Aiming_Idle_mixamo.uasset" 180
"../../../../../../../Users/Slade/OneDrive/Desktop/Realm Studio/Realm/Content/Characters/Evelyn/Animations/withweapon/evelyn_anim_Motion_idle_crouching_aiming_mixamo.uasset" 181
"../../../../../../../Users/Slade/OneDrive/Desktop/Realm Studio/Realm/Content/Characters/Evelyn/Animations/withweapon/evelyn_crouch_Motion_Walk_Crouching_Backward.uasset" 182
"../../../../../../../Users/Slade/OneDrive/Desktop/Realm Studio/Realm/Content/Characters/Evelyn/Animations/withweapon/evelyn_crouch_Motion_Walk_Crouching_Forward.uasset" 183
"../../../../../../../Users/Slade/OneDrive/Desktop/Realm Studio/Realm/Content/Characters/Evelyn/Animations/withweapon/evelyn_crouch_Motion_Walk_Crouching_Forward_Left.uasset" 184
"../../../../../../../Users/Slade/OneDrive/Desktop/Realm Studio/Realm/Content/Characters/Evelyn/Animations/withweapon/evelyn_crouch_Motion_Walk_Crouching_Forward_Right.uasset" 185
"../../../../../../../Users/Slade/OneDrive/Desktop/Realm Studio/Realm/Content/Characters/Evelyn/Animations/withweapon/Crouch_Evelyn_BS.uasset" 186
"../../../../../../../Users/Slade/OneDrive/Desktop/Realm Studio/Realm/Content/Characters/Evelyn/Animations/withweapon/Evelyn_rifle_Rifle_Run_mixamo.uasset" 187
"../../../../../../../Users/Slade/OneDrive/Desktop/Realm Studio/Realm/Content/Characters/Evelyn/Animations/withweapon/Evelyn_rifle_Run_Backwards_mixamo.uasset" 188
"../../../../../../../Users/Slade/OneDrive/Desktop/Realm Studio/Realm/Content/Characters/Evelyn/Animations/withweapon/Evelyn_rifle_Run_Left_mixamo.uasset" 189
"../../../../../../../Users/Slade/OneDrive/Desktop/Realm Studio/Realm/Content/Characters/Evelyn/Animations/withweapon/Evelyn_rifle_Run_Right_mixamo.uasset" 190
"../../../../../../../Users/Slade/OneDrive/Desktop/Realm Studio/Realm/Content/CHARACTERS/Evelyn/animations/withweapon/Evelyn_rifle_Walk_Left_mixamo.uasset" 191
"../../../../../../../Users/Slade/OneDrive/Desktop/Realm Studio/Realm/Content/CHARACTERS/Evelyn/animations/withweapon/Evelyn_rifle_Walk_Right_mixamo.uasset" 192
"../../../../../../../Users/Slade/OneDrive/Desktop/Realm Studio/Realm/Content/CHARACTERS/Evelyn/animations/withweapon/Evelyn_rifle_Walking_Backwards_mixamo.uasset" 193
"../../../../../../../Users/Slade/OneDrive/Desktop/Realm Studio/Realm/Content/CHARACTERS/Evelyn/animations/withweapon/Evelyn_rifle_Walking_mixamo.uasset" 194
"../../../../../../../Users/Slade/OneDrive/Desktop/Realm Studio/Realm/Content/Characters/Evelyn/Animations/withweapon/Evelyn_BS.uasset" 195
"../../../../../../../Users/Slade/OneDrive/Desktop/Realm Studio/Realm/Content/CHARACTERS/Evelyn/animations/withweapon/EvelynRifle_AnimBP.uasset" 196
"../../../../../../../Users/Slade/OneDrive/Desktop/Realm Studio/Realm/Content/CHARACTERS/Soldier/soldier_Skeleton.uasset" 197
"../../../../../../../Users/Slade/OneDrive/Desktop/Realm Studio/Realm/Content/Idle_Rifle_Ironsights.uasset" 198
"../../../../../../../Users/Slade/OneDrive/Desktop/Realm Studio/Realm/Content/CHARACTERS/Soldier/animations/Aim_Ironsights_DWN1.uasset" 199
"../../../../../../../Users/Slade/OneDrive/Desktop/Realm Studio/Realm/Content/CHARACTERS/Soldier/animations/Aim_Ironsights_LT1.uasset" 200
"../../../../../../../Users/Slade/OneDrive/Desktop/Realm Studio/Realm/Content/CHARACTERS/Soldier/animations/Aim_Ironsights_LTD1.uasset" 201
"../../../../../../../Users/Slade/OneDrive/Desktop/Realm Studio/Realm/Content/CHARACTERS/Soldier/animations/Aim_Ironsights_LTU1.uasset" 202
"../../../../../../../Users/Slade/OneDrive/Desktop/Realm Studio/Realm/Content/CHARACTERS/Soldier/animations/Aim_Ironsights_RT1.uasset" 203
"../../../../../../../Users/Slade/OneDrive/Desktop/Realm Studio/Realm/Content/CHARACTERS/Soldier/animations/Aim_Ironsights_RTD1.uasset" 204
"../../../../../../../Users/Slade/OneDrive/Desktop/Realm Studio/Realm/Content/CHARACTERS/Soldier/animations/Aim_Ironsights_RTU1.uasset" 205
"../../../../../../../Users/Slade/OneDrive/Desktop/Realm Studio/Realm/Content/CHARACTERS/Soldier/animations/Aim_Ironsights_UP1.uasset" 206
"../../../../../../../Users/Slade/OneDrive/Desktop/Realm Studio/Realm/Content/IronSights_Aim.uasset" 207
"../../../../../../../Users/Slade/OneDrive/Desktop/Realm Studio/Realm/Content/CHARACTERS/Soldier/animations/Crouch_Idle_Rifle_Hip.uasset" 208
"../../../../../../../Users/Slade/OneDrive/Desktop/Realm Studio/Realm/Content/CHARACTERS/Soldier/animations/Crouch_Idle_Rifle_Ironsights.uasset" 209
"../../../../../../../Users/Slade/OneDrive/Desktop/Realm Studio/Realm/Content/CHARACTERS/Soldier/animations/Fire_Rifle_Hip.uasset" 210
"../../../../../../../Users/Slade/OneDrive/Desktop/Realm Studio/Realm/Content/CHARACTERS/Soldier/animations/Fire_Rifle_Ironsights.uasset" 211
"../../../../../../../Users/Slade/OneDrive/Desktop/Realm Studio/Realm/Content/CHARACTERS/Soldier/animations/Idle_Rifle_Hip.uasset" 212
"../../../../../../../Users/Slade/OneDrive/Desktop/Realm Studio/Realm/Content/CHARACTERS/Soldier/animations/Crouch_Walk_Bwd_Rifle_Hip.uasset" 213
"../../../../../../../Users/Slade/OneDrive/Desktop/Realm Studio/Realm/Content/CHARACTERS/Soldier/animations/Crouch_Walk_Fwd_Rifle_Hip.uasset" 214
"../../../../../../../Users/Slade/OneDrive/Desktop/Realm Studio/Realm/Content/CHARACTERS/Soldier/animations/Crouch_Walk_Lt_Rifle_Hip.uasset" 215
"../../../../../../../Users/Slade/OneDrive/Desktop/Realm Studio/Realm/Content/CHARACTERS/Soldier/animations/Crouch_Walk_Rt_Rifle_Hip.uasset" 216
"../../../../../../../Users/Slade/OneDrive/Desktop/Realm Studio/Realm/Content/CHARACTERS/Soldier/animations/BS_CrouchWalk.uasset" 217
"../../../../../../../Users/Slade/OneDrive/Desktop/Realm Studio/Realm/Content/CHARACTERS/Soldier/animations/Jog_Bwd_Rifle.uasset" 218
"../../../../../../../Users/Slade/OneDrive/Desktop/Realm Studio/Realm/Content/CHARACTERS/Soldier/animations/Jog_Fwd_Rifle.uasset" 219
"../../../../../../../Users/Slade/OneDrive/Desktop/Realm Studio/Realm/Content/CHARACTERS/Soldier/animations/Jog_Lt_Rifle.uasset" 220
"../../../../../../../Users/Slade/OneDrive/Desktop/Realm Studio/Realm/Content/CHARACTERS/Soldier/animations/Jog_Rt_Rifle.uasset" 221
"../../../../../../../Users/Slade/OneDrive/Desktop/Realm Studio/Realm/Content/CHARACTERS/Soldier/animations/BS_Jog.uasset" 222
"../../../../../../../Users/Slade/OneDrive/Desktop/Realm Studio/Realm/Content/CHARACTERS/Soldier/animations/Walk_Bwd_Rifle_Ironsights.uasset" 223
"../../../../../../../Users/Slade/OneDrive/Desktop/Realm Studio/Realm/Content/CHARACTERS/Soldier/animations/Walk_Fwd_Rifle_Ironsights.uasset" 224
"../../../../../../../Users/Slade/OneDrive/Desktop/Realm Studio/Realm/Content/CHARACTERS/Soldier/animations/Walk_Lt_Rifle_Ironsights.uasset" 225
"../../../../../../../Users/Slade/OneDrive/Desktop/Realm Studio/Realm/Content/CHARACTERS/Soldier/animations/Walk_Rt_Rifle_Ironsights.uasset" 226
"../../../../../../../Users/Slade/OneDrive/Desktop/Realm Studio/Realm/Content/CHARACTERS/Soldier/animations/RunADS_BS.uasset" 227
"../../../../../../../Users/Slade/OneDrive/Desktop/Realm Studio/Realm/Content/CHARACTERS/Soldier/animations/ShooterEnemyAnimation.uasset" 228
"../../../../../../../Users/Slade/OneDrive/Desktop/Realm Studio/Realm/Content/BLUEPRINTS/SaveGame/BP_SaveGame.uasset" 229
"../../../../../../../Users/Slade/OneDrive/Desktop/Realm Studio/Realm/Content/StarterContent/Materials/M_Basic_Wall.uasset" 230
"../../../../../../../Users/Slade/OneDrive/Desktop/Realm Studio/Realm/Content/StarterContent/Shapes/Shape_NarrowCapsule.uasset" 231
"../../../../../../../Users/Slade/OneDrive/Desktop/Realm Studio/Realm/Content/Weapons/Projectile_Base.uasset" 232
"../../../../../../../Users/Slade/OneDrive/Desktop/Realm Studio/Realm/Content/Weapons/pulserifle/pulserifle_Albedo.uasset" 233
"../../../../../../../Users/Slade/OneDrive/Desktop/Realm Studio/Realm/Content/Weapons/pulserifle/pulserifle_AO.uasset" 234
"../../../../../../../Users/Slade/OneDrive/Desktop/Realm Studio/Realm/Content/Weapons/pulserifle/pulserifle_Metalness.uasset" 235
"../../../../../../../Users/Slade/OneDrive/Desktop/Realm Studio/Realm/Content/Weapons/pulserifle/pulserifle_Normal.uasset" 236
"../../../../../../../Users/Slade/OneDrive/Desktop/Realm Studio/Realm/Content/Weapons/pulserifle/pulserifle_Roughness.uasset" 237
"../../../../../../../Users/Slade/OneDrive/Desktop/Realm Studio/Realm/Content/Weapons/pulserifle/pulserifle_MAT.uasset" 238
"../../../../../../../Users/Slade/OneDrive/Desktop/Realm Studio/Realm/Content/Weapons/pulserifle/pulserifle_joined_PhysicsAsset.uasset" 239
"../../../../../../../Users/Slade/OneDrive/Desktop/Realm Studio/Realm/Content/Weapons/pulserifle/pulserifle_joined_Skeleton.uasset" 240
"../../../../../../../Users/Slade/OneDrive/Desktop/Realm Studio/Realm/Content/Weapons/pulserifle/pulserifle_joined.uasset" 241
"../../../../../../../Users/Slade/OneDrive/Desktop/Realm Studio/Realm/Content/Weapons/pulserifle/Weapon_Base.uasset" 242
"../../../../../../../Users/Slade/OneDrive/Desktop/Realm Studio/Realm/Content/AnimStarterPack/UE4_Mannequin/Mesh/UE4_Mannequin_Skeleton.uasset" 243
"../../../../../../../Users/Slade/OneDrive/Desktop/Realm Studio/Realm/Content/AnimStarterPack/Reload_Rifle_Ironsights.uasset" 244
"../../../../../../../Users/Slade/OneDrive/Desktop/Realm Studio/Realm/Content/CHARACTERS/Soldier/animations/Reload_Rifle_Ironsights.uasset" 245
"../../../../../../../Users/Slade/OneDrive/Desktop/Realm Studio/Realm/Content/CHARACTERS/Soldier/animations/Reload_Rifle_Ironsights_Montage.uasset" 246
"../../../../../../../Users/Slade/OneDrive/Desktop/Realm Studio/Realm/Content/CHARACTERS/Soldier/animations/Hit_React_5.uasset" 247
"../../../../../../../Users/Slade/OneDrive/Desktop/Realm Studio/Realm/Content/CHARACTERS/Soldier/animations/Hitreact_Montage.uasset" 248
"../../../../../../../Users/Slade/OneDrive/Desktop/Realm Studio/Realm/Content/CHARACTERS/Soldier/AI/Enemy_BB.uasset" 249
"../../../../../../../Users/Slade/OneDrive/Desktop/Realm Studio/Realm/Content/CHARACTERS/Soldier/AI/EncounterSpace.uasset" 250
"../../../../../../../Users/Slade/OneDrive/Desktop/Realm Studio/Realm/Content/CHARACTERS/Soldier/AI/CallOutTarget.uasset" 251
"../../../../../../../Users/Slade/OneDrive/Desktop/Realm Studio/Realm/Content/CHARACTERS/Soldier/AI/FocusPlayer.uasset" 252
"../../../../../../../Users/Slade/OneDrive/Desktop/Realm Studio/Realm/Content/CHARACTERS/Soldier/AI/Tasks/Focus.uasset" 253
"../../../../../../../Users/Slade/OneDrive/Desktop/Realm Studio/Realm/Content/CHARACTERS/Soldier/AI/Tasks/GetIntoCover.uasset" 254
"../../../../../../../Users/Slade/OneDrive/Desktop/Realm Studio/Realm/Content/CHARACTERS/Soldier/AI/Tasks/LoseFocus.uasset" 255
"../../../../../../../Users/Slade/OneDrive/Desktop/Realm Studio/Realm/Content/CHARACTERS/Soldier/AI/Tasks/ShootFromCover.uasset" 256
"../../../../../../../Users/Slade/OneDrive/Desktop/Realm Studio/Realm/Content/CHARACTERS/Soldier/AI/EQS/GenerateCoverPoints.uasset" 257
"../../../../../../../Users/Slade/OneDrive/Desktop/Realm Studio/Realm/Content/CHARACTERS/Soldier/AI/EQS/PlayerContext.uasset" 258
"../../../../../../../Users/Slade/OneDrive/Desktop/Realm Studio/Realm/Content/CHARACTERS/Soldier/AI/EQS/FindCover.uasset" 259
"../../../../../../../Users/Slade/OneDrive/Desktop/Realm Studio/Realm/Content/CHARACTERS/Soldier/AI/EQS/FindPlayer.uasset" 260
"../../../../../../../Users/Slade/OneDrive/Desktop/Realm Studio/Realm/Content/CHARACTERS/Soldier/AI/EnemyShootCover.uasset" 261
"../../../../../../../Users/Slade/OneDrive/Desktop/Realm Studio/Realm/Content/CHARACTERS/Soldier/AI/Tasks/Shoot.uasset" 262
"../../../../../../../Users/Slade/OneDrive/Desktop/Realm Studio/Realm/Content/CHARACTERS/Soldier/AI/Enemy_BT.uasset" 263
"../../../../../../../Users/Slade/OneDrive/Desktop/Realm Studio/Realm/Content/CHARACTERS/Soldier/AI/Enemy_AI.uasset" 264
"../../../Engine/Content/Functions/Engine_MaterialFunctions02/SplitComponents.uasset" 265
"../../../Engine/Content/EngineMaterials/BlendFunc_DefBase.uasset" 266
"../../../Engine/Content/EngineMaterials/BlendFunc_DefBlend.uasset" 267
"../../../Engine/Content/Functions/Engine_MaterialFunctions03/Blends/Blend_Overlay.uasset" 268
"../../../Engine/Content/Functions/Engine_MaterialFunctions03/Procedurals/NormalFromHeightmap.uasset" 269
"../../../../../../../Users/Slade/OneDrive/Desktop/Realm Studio/Realm/Content/CC_Shaders/StandardShader/MaterialFuction/MapParameter/ColorFixFunction.uasset" 270
"../../../../../../../Users/Slade/OneDrive/Desktop/Realm Studio/Realm/Content/CC_Shaders/StandardShader/MaterialFuction/MapParameter/ColorFix.uasset" 271
"../../../../../../../Users/Slade/OneDrive/Desktop/Realm Studio/Realm/Content/CC_Shaders/StandardShader/MaterialFuction/MapParameter/BaseColorGlowBlend.uasset" 272
"../../../../../../../Users/Slade/OneDrive/Desktop/Realm Studio/Realm/Content/CC_Shaders/StandardShader/MaterialFuction/MapParameter/Gray_Scale_Displacement.uasset" 273
"../../../../../../../Users/Slade/OneDrive/Desktop/Realm Studio/Realm/Content/CC_Shaders/StandardShader/MaterialFuction/MapParameter/Normal.uasset" 274
"../../../../../../../Users/Slade/OneDrive/Desktop/Realm Studio/Realm/Content/CC_Shaders/StandardShader/MaterialFuction/MapParameter/Opacity.uasset" 275
"../../../../../../../Users/Slade/OneDrive/Desktop/Realm Studio/Realm/Content/CC_Shaders/StandardShader/MaterialFuction/MapParameter/ORM.uasset" 276
"../../../../../../../Users/Slade/OneDrive/Desktop/Realm Studio/Realm/Content/CC_Shaders/StandardShader/MaterialFuction/MapParameter/Specular.uasset" 277
"../../../../../../../Users/Slade/OneDrive/Desktop/Realm Studio/Realm/Content/CC_Shaders/StandardShader/MaterialFuction/Source/ScreenAlignedPixelToPixelUVs.uasset" 278
"../../../../../../../Users/Slade/OneDrive/Desktop/Realm Studio/Realm/Content/CC_Shaders/StandardShader/MaterialFuction/Source/Good64x64TilingNoiseHighFreq.uasset" 279
"../../../../../../../Users/Slade/OneDrive/Desktop/Realm Studio/Realm/Content/CC_Shaders/StandardShader/MaterialFuction/Source/DitherTemporalAA.uasset" 280
"../../../../../../../Users/Slade/OneDrive/Desktop/Realm Studio/Realm/Content/CC_Shaders/StandardShader/MaterialFuction/UVTilingOffest/Displacement.uasset" 281
"../../../../../../../Users/Slade/OneDrive/Desktop/Realm Studio/Realm/Content/CC_Shaders/StandardShader/MaterialFuction/UVTilingOffest/UVAO.uasset" 282
"../../../../../../../Users/Slade/OneDrive/Desktop/Realm Studio/Realm/Content/CC_Shaders/StandardShader/MaterialFuction/UVTilingOffest/UVBaseColor.uasset" 283
"../../../../../../../Users/Slade/OneDrive/Desktop/Realm Studio/Realm/Content/CC_Shaders/StandardShader/MaterialFuction/UVTilingOffest/UVBlend.uasset" 284
"../../../../../../../Users/Slade/OneDrive/Desktop/Realm Studio/Realm/Content/CC_Shaders/StandardShader/MaterialFuction/UVTilingOffest/UVGlow.uasset" 285
"../../../../../../../Users/Slade/OneDrive/Desktop/Realm Studio/Realm/Content/CC_Shaders/StandardShader/MaterialFuction/UVTilingOffest/UVMetallic.uasset" 286
"../../../../../../../Users/Slade/OneDrive/Desktop/Realm Studio/Realm/Content/CC_Shaders/StandardShader/MaterialFuction/UVTilingOffest/UVNormal.uasset" 287
"../../../../../../../Users/Slade/OneDrive/Desktop/Realm Studio/Realm/Content/CC_Shaders/StandardShader/MaterialFuction/UVTilingOffest/UVOpacity.uasset" 288
"../../../../../../../Users/Slade/OneDrive/Desktop/Realm Studio/Realm/Content/CC_Shaders/StandardShader/MaterialFuction/UVTilingOffest/UVRoughness.uasset" 289
"../../../../../../../Users/Slade/OneDrive/Desktop/Realm Studio/Realm/Content/CC_Shaders/StandardShader/MaterialFuction/UVTilingOffest/UVSpecular.uasset" 290
"../../../../../../../Users/Slade/OneDrive/Desktop/Realm Studio/Realm/Content/CC_Shaders/SkinShader/Textures/Share/Black.uasset" 291
"../../../../../../../Users/Slade/OneDrive/Desktop/Realm Studio/Realm/Content/CC_Shaders/SkinShader/Textures/Share/Black_sRGB.uasset" 292
"../../../../../../../Users/Slade/OneDrive/Desktop/Realm Studio/Realm/Content/CC_Shaders/SkinShader/Textures/Share/Gray.uasset" 293
"../../../../../../../Users/Slade/OneDrive/Desktop/Realm Studio/Realm/Content/CC_Shaders/SkinShader/Textures/Share/Normal_Default.uasset" 294
"../../../../../../../Users/Slade/OneDrive/Desktop/Realm Studio/Realm/Content/CC_Shaders/SkinShader/Textures/Share/ORM_Default.uasset" 295
"../../../../../../../Users/Slade/OneDrive/Desktop/Realm Studio/Realm/Content/CC_Shaders/SkinShader/Textures/Share/White.uasset" 296
"../../../../../../../Users/Slade/OneDrive/Desktop/Realm Studio/Realm/Content/CC_Shaders/SkinShader/Textures/Share/White_GaryScale.uasset" 297
"../../../../../../../Users/Slade/OneDrive/Desktop/Realm Studio/Realm/Content/CC_Shaders/SkinShader/Textures/Share/White_sRGB.uasset" 298
"../../../../../../../Users/Slade/OneDrive/Desktop/Realm Studio/Realm/Content/CC_Shaders/StandardShader/RL_Standard.uasset" 299
"../../../../../../../Users/Slade/OneDrive/Desktop/Realm Studio/Realm/Content/CHARACTERS/Soldier/soldier_fbm/_1_Default_Pbr_Diffuse.uasset" 300
"../../../../../../../Users/Slade/OneDrive/Desktop/Realm Studio/Realm/Content/CHARACTERS/Soldier/soldier_fbm/_1_Default_Pbr_Normal.uasset" 301
"../../../../../../../Users/Slade/OneDrive/Desktop/Realm Studio/Realm/Content/CHARACTERS/Soldier/textures/soldier/_1_Default_Pbr_ORM.uasset" 302
"../../../../../../../Users/Slade/OneDrive/Desktop/Realm Studio/Realm/Content/CHARACTERS/Soldier/CC_Auto_Setup_Material_Instances/soldier/_1_Default_Pbr_Inst.uasset" 303
"../../../../../../../Users/Slade/OneDrive/Desktop/Realm Studio/Realm/Content/CHARACTERS/Soldier/soldier_fbm/Army_shirt_low_mat_Pbr_Diffuse.uasset" 304
"../../../../../../../Users/Slade/OneDrive/Desktop/Realm Studio/Realm/Content/Characters/Soldier/soldier_fbm/Army_shirt_low_mat_Pbr_Normal.uasset" 305
"../../../../../../../Users/Slade/OneDrive/Desktop/Realm Studio/Realm/Content/Characters/Soldier/textures/soldier/Army_shirt_low_mat_Pbr_ORM.uasset" 306
"../../../../../../../Users/Slade/OneDrive/Desktop/Realm Studio/Realm/Content/CHARACTERS/Soldier/CC_Auto_Setup_Material_Instances/soldier/Army_shirt_low_mat_Pbr_Inst.uasset" 307
"../../../../../../../Users/Slade/OneDrive/Desktop/Realm Studio/Realm/Content/CHARACTERS/Soldier/soldier_fbm/boots_low_Pbr_Diffuse.uasset" 308
"../../../../../../../Users/Slade/OneDrive/Desktop/Realm Studio/Realm/Content/CHARACTERS/Soldier/soldier_fbm/boots_low_Pbr_Normal.uasset" 309
"../../../../../../../Users/Slade/OneDrive/Desktop/Realm Studio/Realm/Content/CHARACTERS/Soldier/textures/soldier/boots_low_Pbr_ORM.uasset" 310
"../../../../../../../Users/Slade/OneDrive/Desktop/Realm Studio/Realm/Content/CHARACTERS/Soldier/CC_Auto_Setup_Material_Instances/soldier/boots_low_Pbr_Inst.uasset" 311
"../../../Engine/Content/Functions/Engine_MaterialFunctions01/Gradient/LinearGradient.uasset" 312
"../../../Engine/Content/Functions/Engine_MaterialFunctions01/ImageAdjustment/CheapContrast.uasset" 313
"../../../Engine/Content/Functions/Engine_MaterialFunctions02/Utility/BlendAngleCorrectedNormals.uasset" 314
"../../../../../../../Users/Slade/OneDrive/Desktop/Realm Studio/Realm/Content/CC_Shaders/SkinShader/Source/Functions/HQ_RoughnessRegionMult.uasset" 315
"../../../../../../../Users/Slade/OneDrive/Desktop/Realm Studio/Realm/Content/CC_Shaders/SkinShader/Source/Textures/UE_SkinBodyMicroNormal_Tile.uasset" 316
"../../../../../../../Users/Slade/OneDrive/Desktop/Realm Studio/Realm/Content/CC_Shaders/SkinShader/SSS_Profile/RL_HQSkinSSS.uasset" 317
"../../../../../../../Users/Slade/OneDrive/Desktop/Realm Studio/Realm/Content/CC_Shaders/SkinShader/Textures/G3/Head_Mask_SSS_Cavity.uasset" 318
"../../../../../../../Users/Slade/OneDrive/Desktop/Realm Studio/Realm/Content/CC_Shaders/SkinShader/Textures/G3/HQ_Mask_Cheek_Fore_UpperLid_Chin.uasset" 319
"../../../../../../../Users/Slade/OneDrive/Desktop/Realm Studio/Realm/Content/CC_Shaders/SkinShader/Textures/G3/HQ_Mask_Ear_Neck.uasset" 320
"../../../../../../../Users/Slade/OneDrive/Desktop/Realm Studio/Realm/Content/CC_Shaders/SkinShader/Textures/G3/HQ_Mask_Roughness.uasset" 321
"../../../../../../../Users/Slade/OneDrive/Desktop/Realm Studio/Realm/Content/CC_Shaders/SkinShader/Textures/G3/Mask_MicroNormal.uasset" 322
"../../../../../../../Users/Slade/OneDrive/Desktop/Realm Studio/Realm/Content/CC_Shaders/SkinShader/Textures/Share/Normal2Roughness_black.uasset" 323
"../../../../../../../Users/Slade/OneDrive/Desktop/Realm Studio/Realm/Content/CC_Shaders/SkinShader/Textures/Share/One_Mesh_Eyelash_Mask.uasset" 324
"../../../../../../../Users/Slade/OneDrive/Desktop/Realm Studio/Realm/Content/CC_Shaders/SkinShader/RL_HQSkin.uasset" 325
"../../../../../../../Users/Slade/OneDrive/Desktop/Realm Studio/Realm/Content/CC_Shaders/SkinShader/Textures/GameBase_Single/Body_Mask_SSS_Cavity.uasset" 326
"../../../../../../../Users/Slade/OneDrive/Desktop/Realm Studio/Realm/Content/CC_Shaders/SkinShader/Textures/GameBase_Single/HQ_Mask_Cheek_Fore_UpperLid_Chin.uasset" 327
"../../../../../../../Users/Slade/OneDrive/Desktop/Realm Studio/Realm/Content/CC_Shaders/SkinShader/Textures/GameBase_Single/HQ_Mask_Ear_Neck.uasset" 328
"../../../../../../../Users/Slade/OneDrive/Desktop/Realm Studio/Realm/Content/CC_Shaders/SkinShader/Textures/GameBase_Single/HQ_Mask_Roughness.uasset" 329
"../../../../../../../Users/Slade/OneDrive/Desktop/Realm Studio/Realm/Content/CC_Shaders/SkinShader/Textures/GameBase_Single/Mask_MicroNormal.uasset" 330
"../../../../../../../Users/Slade/OneDrive/Desktop/Realm Studio/Realm/Content/CC_Shaders/SkinShader/Textures/GameBase_Single/Mask_Mouth_Cavity.uasset" 331
"../../../../../../../Users/Slade/OneDrive/Desktop/Realm Studio/Realm/Content/CHARACTERS/Soldier/soldier_fbm/Ga_Skin_Body_Pbr_Diffuse.uasset" 332
"../../../../../../../Users/Slade/OneDrive/Desktop/Realm Studio/Realm/Content/CHARACTERS/Soldier/soldier_fbm/Ga_Skin_Body_Pbr_Normal.uasset" 333
"../../../../../../../Users/Slade/OneDrive/Desktop/Realm Studio/Realm/Content/CHARACTERS/Soldier/textures/soldier/Ga_Skin_Body_Pbr_Glow.uasset" 334
"../../../../../../../Users/Slade/OneDrive/Desktop/Realm Studio/Realm/Content/CHARACTERS/Soldier/textures/soldier/Ga_Skin_Body_Pbr_ORM.uasset" 335
"../../../../../../../Users/Slade/OneDrive/Desktop/Realm Studio/Realm/Content/CHARACTERS/Soldier/CC_Auto_Setup_Material_Instances/soldier/Ga_Skin_Body_Pbr_HQ_Inst.uasset" 336
"../../../../../../../Users/Slade/OneDrive/Desktop/Realm Studio/Realm/Content/CHARACTERS/Soldier/soldier_fbm/Skimask_low_mat_Pbr_Diffuse.uasset" 337
"../../../../../../../Users/Slade/OneDrive/Desktop/Realm Studio/Realm/Content/CHARACTERS/Soldier/soldier_fbm/Skimask_low_mat_Pbr_Normal.uasset" 338
"../../../../../../../Users/Slade/OneDrive/Desktop/Realm Studio/Realm/Content/CHARACTERS/Soldier/textures/soldier/Skimask_low_mat_Pbr_ORM.uasset" 339
"../../../../../../../Users/Slade/OneDrive/Desktop/Realm Studio/Realm/Content/CHARACTERS/Soldier/CC_Auto_Setup_Material_Instances/soldier/Skimask_low_mat_Pbr_Inst.uasset" 340
"../../../Engine/Content/Functions/Engine_MaterialFunctions01/Texturing/FlattenNormal.uasset" 341
"../../../Engine/Content/Functions/Engine_MaterialFunctions01/Texturing/ScaleUVsByCenter.uasset" 342
"../../../Engine/Content/Functions/Engine_MaterialFunctions02/Texturing/CustomRotator.uasset" 343
"../../../Engine/Content/Functions/Engine_MaterialFunctions02/Utility/VectorLength.uasset" 344
"../../../../../../../Users/Slade/OneDrive/Desktop/Realm Studio/Realm/Content/CC_Shaders/EyeShader/Source/Functions/TangentBasis.uasset" 345
"../../../../../../../Users/Slade/OneDrive/Desktop/Realm Studio/Realm/Content/CC_Shaders/EyeShader/Source/Textures/IrisDisplacement.uasset" 346
"../../../../../../../Users/Slade/OneDrive/Desktop/Realm Studio/Realm/Content/CC_Shaders/EyeShader/Source/Functions/ML_EyeRefraction.uasset" 347
"../../../../../../../Users/Slade/OneDrive/Desktop/Realm Studio/Realm/Content/CC_Shaders/StandardShader/MaterialFuction/MapParameter/AO.uasset" 348
"../../../../../../../Users/Slade/OneDrive/Desktop/Realm Studio/Realm/Content/CC_Shaders/EyeShader/Source/Textures/UE_ScleraNormalMap.uasset" 349
"../../../../../../../Users/Slade/OneDrive/Desktop/Realm Studio/Realm/Content/CC_Shaders/EyeShader/SSS_Profile/SSP_Eye_Inner.uasset" 350
"../../../../../../../Users/Slade/OneDrive/Desktop/Realm Studio/Realm/Content/CC_Shaders/EyeShader/Textures/Iris_mask.uasset" 351
"../../../../../../../Users/Slade/OneDrive/Desktop/Realm Studio/Realm/Content/CC_Shaders/EyeShader/Textures/Iris_Pupil.uasset" 352
"../../../../../../../Users/Slade/OneDrive/Desktop/Realm Studio/Realm/Content/CC_Shaders/EyeShader/Textures/ScleraColor.uasset" 353
"../../../../../../../Users/Slade/OneDrive/Desktop/Realm Studio/Realm/Content/CC_Shaders/EyeShader/Textures/Std_Eye_R_Diffuse.uasset" 354
"../../../../../../../Users/Slade/OneDrive/Desktop/Realm Studio/Realm/Content/CC_Shaders/EyeShader/Textures/UE_IrisPopNormal.uasset" 355
"../../../../../../../Users/Slade/OneDrive/Desktop/Realm Studio/Realm/Content/CC_Shaders/EyeShader/Textures/UE_IrisSphereNormal.uasset" 356
"../../../../../../../Users/Slade/OneDrive/Desktop/Realm Studio/Realm/Content/CC_Shaders/EyeShader/RL_EyeRefractive.uasset" 357
"../../../../../../../Users/Slade/OneDrive/Desktop/Realm Studio/Realm/Content/CHARACTERS/Soldier/soldier_fbm/Std_Eye_L_Tra_Diffuse.uasset" 358
"../../../../../../../Users/Slade/OneDrive/Desktop/Realm Studio/Realm/Content/CHARACTERS/Soldier/textures/soldier/Std_Eye_L_Tra_Glow.uasset" 359
"../../../../../../../Users/Slade/OneDrive/Desktop/Realm Studio/Realm/Content/CHARACTERS/Soldier/CC_Auto_Setup_Material_Instances/soldier/Std_Cornea_L_Tra_LWHQ_Inst.uasset" 360
"../../../../../../../Users/Slade/OneDrive/Desktop/Realm Studio/Realm/Content/CHARACTERS/Soldier/soldier_fbm/Std_Eye_R_Tra_Diffuse.uasset" 361
"../../../../../../../Users/Slade/OneDrive/Desktop/Realm Studio/Realm/Content/CHARACTERS/Soldier/textures/soldier/Std_Eye_R_Tra_Glow.uasset" 362
"../../../../../../../Users/Slade/OneDrive/Desktop/Realm Studio/Realm/Content/CHARACTERS/Soldier/CC_Auto_Setup_Material_Instances/soldier/Std_Cornea_R_Tra_LWHQ_Inst.uasset" 363
"../../../../../../../Users/Slade/OneDrive/Desktop/Realm Studio/Realm/Content/CHARACTERS/Soldier/soldier_fbm/Std_Eye_L_Tra_Normal.uasset" 364
"../../../../../../../Users/Slade/OneDrive/Desktop/Realm Studio/Realm/Content/CHARACTERS/Soldier/textures/soldier/Std_Eye_L_Tra_Displacement.uasset" 365
"../../../../../../../Users/Slade/OneDrive/Desktop/Realm Studio/Realm/Content/CHARACTERS/Soldier/CC_Auto_Setup_Material_Instances/soldier/Std_Eye_L_Tra_Inst.uasset" 366
"../../../../../../../Users/Slade/OneDrive/Desktop/Realm Studio/Realm/Content/CHARACTERS/Soldier/soldier_fbm/Std_Eye_R_Tra_Normal.uasset" 367
"../../../../../../../Users/Slade/OneDrive/Desktop/Realm Studio/Realm/Content/CHARACTERS/Soldier/textures/soldier/Std_Eye_R_Tra_Displacement.uasset" 368
"../../../../../../../Users/Slade/OneDrive/Desktop/Realm Studio/Realm/Content/CHARACTERS/Soldier/CC_Auto_Setup_Material_Instances/soldier/Std_Eye_R_Tra_Inst.uasset" 369
"../../../Engine/Content/Functions/Engine_MaterialFunctions02/SmoothStep.uasset" 370
"../../../Engine/Content/Functions/Engine_MaterialFunctions02/Utility/CustomReflectionVector.uasset" 371
"../../../../../../../Users/Slade/OneDrive/Desktop/Realm Studio/Realm/Content/CC_Shaders/GumsTongueTeethShader/SSS_Proflie/GumsTongueTeeth_SSS.uasset" 372
"../../../../../../../Users/Slade/OneDrive/Desktop/Realm Studio/Realm/Content/CC_Shaders/GumsTongueTeethShader/Textures/Gums_Mask.uasset" 373
"../../../../../../../Users/Slade/OneDrive/Desktop/Realm Studio/Realm/Content/CC_Shaders/GumsTongueTeethShader/Textures/GumsTongue_ColorCompensation.uasset" 374
"../../../../../../../Users/Slade/OneDrive/Desktop/Realm Studio/Realm/Content/CC_Shaders/GumsTongueTeethShader/RL_GumsTongueTeeth.uasset" 375
"../../../../../../../Users/Slade/OneDrive/Desktop/Realm Studio/Realm/Content/CHARACTERS/Soldier/soldier_fbm/Std_Lower_Teeth_Pbr_Diffuse.uasset" 376
"../../../../../../../Users/Slade/OneDrive/Desktop/Realm Studio/Realm/Content/CHARACTERS/Soldier/soldier_fbm/Std_Lower_Teeth_Pbr_Normal.uasset" 377
"../../../../../../../Users/Slade/OneDrive/Desktop/Realm Studio/Realm/Content/CHARACTERS/Soldier/textures/soldier/Std_Lower_Teeth_Pbr_ORM.uasset" 378
"../../../../../../../Users/Slade/OneDrive/Desktop/Realm Studio/Realm/Content/CHARACTERS/Soldier/CC_Auto_Setup_Material_Instances/soldier/Std_Lower_Teeth_Pbr_LWHQ_Inst.uasset" 379
"../../../../../../../Users/Slade/OneDrive/Desktop/Realm Studio/Realm/Content/CHARACTERS/Soldier/soldier_fbm/Std_Upper_Teeth_Pbr_Diffuse.uasset" 380
"../../../../../../../Users/Slade/OneDrive/Desktop/Realm Studio/Realm/Content/CHARACTERS/Soldier/soldier_fbm/Std_Upper_Teeth_Pbr_Normal.uasset" 381
"../../../../../../../Users/Slade/OneDrive/Desktop/Realm Studio/Realm/Content/CHARACTERS/Soldier/textures/soldier/Std_Upper_Teeth_Pbr_ORM.uasset" 382
"../../../../../../../Users/Slade/OneDrive/Desktop/Realm Studio/Realm/Content/CHARACTERS/Soldier/CC_Auto_Setup_Material_Instances/soldier/Std_Upper_Teeth_Pbr_LWHQ_Inst.uasset" 383
"../../../../../../../Users/Slade/OneDrive/Desktop/Realm Studio/Realm/Content/CHARACTERS/Soldier/soldier_PhysicsAsset.uasset" 384
"../../../../../../../Users/Slade/OneDrive/Desktop/Realm Studio/Realm/Content/CHARACTERS/Soldier/soldier.uasset" 385
"../../../../../../../Users/Slade/OneDrive/Desktop/Realm Studio/Realm/Content/CHARACTERS/Soldier/AI/Enemy.uasset" 386
"../../../Engine/Content/Functions/Engine_MaterialFunctions01/Gradient/RadialGradient.uasset" 387
"../../../../../../../Users/Slade/OneDrive/Desktop/Realm Studio/Realm/Content/StarterContent/Particles/Materials/M_Radial_Gradient.uasset" 388
"../../../../../../../Users/Slade/OneDrive/Desktop/Realm Studio/Realm/Content/Weapons/Rifle/BulletHit_PS.uasset" 389
"../../../Engine/Content/EngineMaterials/EmissiveTexturedMaterial.uasset" 390
"../../../Engine/Content/EngineMeshes/ParticleCube.uasset" 391
"../../../../../../../Users/Slade/OneDrive/Desktop/Realm Studio/Realm/Content/Weapons/Rifle/Gun_MuzzleFlash.uasset" 392
"../../../../../../../Users/Slade/OneDrive/Desktop/Realm Studio/Realm/Content/Weapons/Rifle/tracerround_material.uasset" 393
"../../../../../../../Users/Slade/OneDrive/Desktop/Realm Studio/Realm/Content/Weapons/Rifle/Gun_TracerRound.uasset" 394
"../../../../../../../Users/Slade/OneDrive/Desktop/Realm Studio/Realm/Content/Weapons/Rifle/num3_low_1001_BaseColor.uasset" 395
"../../../../../../../Users/Slade/OneDrive/Desktop/Realm Studio/Realm/Content/Weapons/Rifle/num3_low_1001_Normal.uasset" 396
"../../../../../../../Users/Slade/OneDrive/Desktop/Realm Studio/Realm/Content/Weapons/Rifle/num3_low_1001_OcclusionRoughnessMetallic.uasset" 397
"../../../../../../../Users/Slade/OneDrive/Desktop/Realm Studio/Realm/Content/Weapons/Rifle/Rifle.uasset" 398
"../../../../../../../Users/Slade/OneDrive/Desktop/Realm Studio/Realm/Content/Weapons/Rifle/rifle_joined_PhysicsAsset.uasset" 399
"../../../../../../../Users/Slade/OneDrive/Desktop/Realm Studio/Realm/Content/Weapons/Rifle/rifle_joined_Skeleton.uasset" 400
"../../../../../../../Users/Slade/OneDrive/Desktop/Realm Studio/Realm/Content/Weapons/Rifle/rifle_joined.uasset" 401
"../../../../../../../Users/Slade/OneDrive/Desktop/Realm Studio/Realm/Content/Weapons/Rifle/Gun_Rifle.uasset" 402
"../../../../../../../Users/Slade/OneDrive/Desktop/Realm Studio/Realm/Content/Weapons/Rifle/Pulse_Cannon.uasset" 403
"../../../../../../../Users/Slade/OneDrive/Desktop/Realm Studio/Realm/Content/CHARACTERS/Evelyn/Evelyn_fbm/Ga_Skin_Body_Pbr_Diffuse.uasset" 404
"../../../../../../../Users/Slade/OneDrive/Desktop/Realm Studio/Realm/Content/CHARACTERS/Evelyn/Evelyn_fbm/Ga_Skin_Body_Pbr_Normal.uasset" 405
"../../../../../../../Users/Slade/OneDrive/Desktop/Realm Studio/Realm/Content/CHARACTERS/Evelyn/textures/Evelyn/Ga_Skin_Body_Pbr_Glow.uasset" 406
"../../../../../../../Users/Slade/OneDrive/Desktop/Realm Studio/Realm/Content/CHARACTERS/Evelyn/textures/Evelyn/Ga_Skin_Body_Pbr_ORM.uasset" 407
"../../../../../../../Users/Slade/OneDrive/Desktop/Realm Studio/Realm/Content/CHARACTERS/Evelyn/CC_Auto_Setup_Material_Instances/Evelyn/Ga_Skin_Body_Pbr_HQ_Inst.uasset" 408
"../../../../../../../Users/Slade/OneDrive/Desktop/Realm Studio/Realm/Content/CHARACTERS/Evelyn/Evelyn_fbm/Lanyardclip_low1_Pbr_Diffuse.uasset" 409
"../../../../../../../Users/Slade/OneDrive/Desktop/Realm Studio/Realm/Content/CHARACTERS/Evelyn/Evelyn_fbm/Lanyardclip_low1_Pbr_Normal.uasset" 410
"../../../../../../../Users/Slade/OneDrive/Desktop/Realm Studio/Realm/Content/CHARACTERS/Evelyn/textures/Evelyn/Lanyardclip_low1_Pbr_ORM.uasset" 411
"../../../../../../../Users/Slade/OneDrive/Desktop/Realm Studio/Realm/Content/CHARACTERS/Evelyn/CC_Auto_Setup_Material_Instances/Evelyn/Lanyardclip_low1_Pbr_Inst.uasset" 412
"../../../../../../../Users/Slade/OneDrive/Desktop/Realm Studio/Realm/Content/CHARACTERS/Evelyn/Evelyn_fbm/obj_default_0_Pbr_Diffuse.uasset" 413
"../../../../../../../Users/Slade/OneDrive/Desktop/Realm Studio/Realm/Content/CHARACTERS/Evelyn/Evelyn_fbm/obj_default_0_Pbr_Normal.uasset" 414
"../../../../../../../Users/Slade/OneDrive/Desktop/Realm Studio/Realm/Content/CHARACTERS/Evelyn/textures/Evelyn/obj_default_0_Pbr_ORM.uasset" 415
"../../../../../../../Users/Slade/OneDrive/Desktop/Realm Studio/Realm/Content/CHARACTERS/Evelyn/CC_Auto_Setup_Material_Instances/Evelyn/obj_default_0_Pbr_Inst.uasset" 416
"../../../../../../../Users/Slade/OneDrive/Desktop/Realm Studio/Realm/Content/CHARACTERS/Evelyn/Evelyn_fbm/obj_default_1_Pbr_Diffuse.uasset" 417
"../../../../../../../Users/Slade/OneDrive/Desktop/Realm Studio/Realm/Content/CHARACTERS/Evelyn/Evelyn_fbm/obj_default_1_Pbr_Normal.uasset" 418
"../../../../../../../Users/Slade/OneDrive/Desktop/Realm Studio/Realm/Content/CHARACTERS/Evelyn/textures/Evelyn/obj_default_1_Pbr_ORM.uasset" 419
"../../../../../../../Users/Slade/OneDrive/Desktop/Realm Studio/Realm/Content/CHARACTERS/Evelyn/CC_Auto_Setup_Material_Instances/Evelyn/obj_default_1_Pbr_Inst.uasset" 420
"../../../../../../../Users/Slade/OneDrive/Desktop/Realm Studio/Realm/Content/CHARACTERS/Evelyn/Evelyn_fbm/obj_default_Pbr_Diffuse.uasset" 421
"../../../../../../../Users/Slade/OneDrive/Desktop/Realm Studio/Realm/Content/CHARACTERS/Evelyn/Evelyn_fbm/obj_default_Pbr_Normal.uasset" 422
"../../../../../../../Users/Slade/OneDrive/Desktop/Realm Studio/Realm/Content/CHARACTERS/Evelyn/textures/Evelyn/obj_default_Pbr_ORM.uasset" 423
"../../../../../../../Users/Slade/OneDrive/Desktop/Realm Studio/Realm/Content/CHARACTERS/Evelyn/CC_Auto_Setup_Material_Instances/Evelyn/obj_default_Pbr_Inst.uasset" 424
"../../../../../../../Users/Slade/OneDrive/Desktop/Realm Studio/Realm/Content/CHARACTERS/Evelyn/Evelyn_fbm/Std_Eye_L_Tra_Diffuse.uasset" 425
"../../../../../../../Users/Slade/OneDrive/Desktop/Realm Studio/Realm/Content/CHARACTERS/Evelyn/textures/Evelyn/Std_Eye_L_Tra_blend_multiply.uasset" 426
"../../../../../../../Users/Slade/OneDrive/Desktop/Realm Studio/Realm/Content/CHARACTERS/Evelyn/textures/Evelyn/Std_Eye_L_Tra_Glow.uasset" 427
"../../../../../../../Users/Slade/OneDrive/Desktop/Realm Studio/Realm/Content/CHARACTERS/Evelyn/CC_Auto_Setup_Material_Instances/Evelyn/Std_Cornea_L_Tra_LWHQ_Inst.uasset" 428
"../../../../../../../Users/Slade/OneDrive/Desktop/Realm Studio/Realm/Content/CHARACTERS/Evelyn/Evelyn_fbm/Std_Eye_R_Tra_Diffuse.uasset" 429
"../../../../../../../Users/Slade/OneDrive/Desktop/Realm Studio/Realm/Content/CHARACTERS/Evelyn/textures/Evelyn/Std_Eye_R_Tra_blend_multiply.uasset" 430
"../../../../../../../Users/Slade/OneDrive/Desktop/Realm Studio/Realm/Content/CHARACTERS/Evelyn/textures/Evelyn/Std_Eye_R_Tra_Glow.uasset" 431
"../../../../../../../Users/Slade/OneDrive/Desktop/Realm Studio/Realm/Content/CHARACTERS/Evelyn/CC_Auto_Setup_Material_Instances/Evelyn/Std_Cornea_R_Tra_LWHQ_Inst.uasset" 432
"../../../../../../../Users/Slade/OneDrive/Desktop/Realm Studio/Realm/Content/CHARACTERS/Evelyn/Evelyn_fbm/Std_Eye_L_Tra_Normal.uasset" 433
"../../../../../../../Users/Slade/OneDrive/Desktop/Realm Studio/Realm/Content/CHARACTERS/Evelyn/CC_Auto_Setup_Material_Instances/Evelyn/Std_Eye_L_Tra_Inst.uasset" 434
"../../../../../../../Users/Slade/OneDrive/Desktop/Realm Studio/Realm/Content/CHARACTERS/Evelyn/Evelyn_fbm/Std_Eye_R_Tra_Normal.uasset" 435
"../../../../../../../Users/Slade/OneDrive/Desktop/Realm Studio/Realm/Content/CHARACTERS/Evelyn/CC_Auto_Setup_Material_Instances/Evelyn/Std_Eye_R_Tra_Inst.uasset" 436
"../../../../../../../Users/Slade/OneDrive/Desktop/Realm Studio/Realm/Content/CHARACTERS/Evelyn/Evelyn_fbm/Std_Lower_Teeth_Tra_Diffuse.uasset" 437
"../../../../../../../Users/Slade/OneDrive/Desktop/Realm Studio/Realm/Content/CHARACTERS/Evelyn/Evelyn_fbm/Std_Lower_Teeth_Tra_Normal.uasset" 438
"../../../../../../../Users/Slade/OneDrive/Desktop/Realm Studio/Realm/Content/CHARACTERS/Evelyn/CC_Auto_Setup_Material_Instances/Evelyn/Std_Lower_Teeth_Tra_LWHQ_Inst.uasset" 439
"../../../../../../../Users/Slade/OneDrive/Desktop/Realm Studio/Realm/Content/CHARACTERS/Evelyn/Evelyn_fbm/Std_Upper_Teeth_Tra_Diffuse.uasset" 440
"../../../../../../../Users/Slade/OneDrive/Desktop/Realm Studio/Realm/Content/CHARACTERS/Evelyn/Evelyn_fbm/Std_Upper_Teeth_Tra_Normal.uasset" 441
"../../../../../../../Users/Slade/OneDrive/Desktop/Realm Studio/Realm/Content/CHARACTERS/Evelyn/CC_Auto_Setup_Material_Instances/Evelyn/Std_Upper_Teeth_Tra_LWHQ_Inst.uasset" 442
"../../../../../../../Users/Slade/OneDrive/Desktop/Realm Studio/Realm/Content/CHARACTERS/Evelyn/Evelyn_fbm/Vneck_low_Pbr_Diffuse.uasset" 443
"../../../../../../../Users/Slade/OneDrive/Desktop/Realm Studio/Realm/Content/CHARACTERS/Evelyn/Evelyn_fbm/Vneck_low_Pbr_Normal.uasset" 444
"../../../../../../../Users/Slade/OneDrive/Desktop/Realm Studio/Realm/Content/CHARACTERS/Evelyn/textures/Evelyn/Vneck_low_Pbr_ORM.uasset" 445
"../../../../../../../Users/Slade/OneDrive/Desktop/Realm Studio/Realm/Content/CHARACTERS/Evelyn/CC_Auto_Setup_Material_Instances/Evelyn/Vneck_low_Pbr_Inst.uasset" 446
"../../../../../../../Users/Slade/OneDrive/Desktop/Realm Studio/Realm/Content/CHARACTERS/Evelyn/Evelyn_PhysicsAsset.uasset" 447
"../../../../../../../Users/Slade/OneDrive/Desktop/Realm Studio/Realm/Content/CHARACTERS/Evelyn/Evelyn.uasset" 448
"../../../../../../../Users/Slade/OneDrive/Desktop/Realm Studio/Realm/Content/HUD/HUDAssets/WeaponSelection.uasset" 449
"../../../../../../../Users/Slade/OneDrive/Desktop/Realm Studio/Realm/Content/HUD/HUD.uasset" 450
"../../../../../../../Users/Slade/OneDrive/Desktop/Realm Studio/Realm/Content/ThirdPersonBP/Blueprints/ThirdPersonCharacter.uasset" 451
"../../../../../../../Users/Slade/OneDrive/Desktop/Realm Studio/Realm/Content/ThirdPersonBP/Blueprints/ThirdPersonGameMode.uasset" 452
"../../../../../../../Users/Slade/OneDrive/Desktop/Realm Studio/Realm/Content/BLUEPRINTS/ACTORS/BP_CheckPoint.uasset" 453
"../../../../../../../Users/Slade/OneDrive/Desktop/Realm Studio/Realm/Content/BLUEPRINTS/ACTORS/BP_zoneLevel.uasset" 454
"../../../../../../../Users/Slade/OneDrive/Desktop/Realm Studio/Realm/Content/HUD/Floor3_LocationCards/LocationCard_HUD.uasset" 455
"../../../../../../../Users/Slade/OneDrive/Desktop/Realm Studio/Realm/Content/HUD/BP_LocationCard.uasset" 456
"../../../../../../../Users/Slade/OneDrive/Desktop/Realm Studio/Realm/Content/HUD/Floor1_Objectives/EscapeTheFacilityObjective.uasset" 457
"../../../../../../../Users/Slade/OneDrive/Desktop/Realm Studio/Realm/Content/HUD/Floor1_Objectives/EscapeToTheSecondFloorObjective.uasset" 458
"../../../../../../../Users/Slade/OneDrive/Desktop/Realm Studio/Realm/Content/BLUEPRINTS/SaveGame/GI_RealmGame.uasset" 459
"../../../../../../../Users/Slade/OneDrive/Desktop/Realm Studio/Realm/Content/StaticMesh/Modular/SM_Elevator.uasset" 460
"../../../../../../../Users/Slade/OneDrive/Desktop/Realm Studio/Realm/Content/StaticMesh/Modular/SM_elevatorDoor.uasset" 461
"../../../../../../../Users/Slade/OneDrive/Desktop/Realm Studio/Realm/Content/StaticMesh/Modular/SM_elevatorFrame.uasset" 462
"../../../../../../../Users/Slade/OneDrive/Desktop/Realm Studio/Realm/Content/StaticMesh/Modular/BP_Elevator.uasset" 463
"../../../Engine/Content/Functions/Engine_MaterialFunctions01/Texturing/WorldAlignedTexture.uasset" 464
"../../../../../../../Users/Slade/OneDrive/Desktop/Realm Studio/Realm/Content/TEXTURES/Single/Concrete_AORM.uasset" 465
"../../../../../../../Users/Slade/OneDrive/Desktop/Realm Studio/Realm/Content/TEXTURES/Single/Concrete_BC.uasset" 466
"../../../../../../../Users/Slade/OneDrive/Desktop/Realm Studio/Realm/Content/TEXTURES/Single/Concrete_N.uasset" 467
"../../../../../../../Users/Slade/OneDrive/Desktop/Realm Studio/Realm/Content/MATERIALS/singleMATERIALS/Mat_Function/Mat_Standard_AORM.uasset" 468
"../../../../../../../Users/Slade/OneDrive/Desktop/Realm Studio/Realm/Content/MATERIALS/singleMATERIALS/MI_Concrete.uasset" 469
"../../../../../../../Users/Slade/OneDrive/Desktop/Realm Studio/Realm/Content/StaticMesh/Modular/SM_Wall1.uasset" 470
"../../../../../../../Users/Slade/OneDrive/Desktop/Realm Studio/Realm/Content/StaticMesh/Modular/SPLINE_Wall1.uasset" 471
"../../../../../../../Users/Slade/OneDrive/Desktop/Realm Studio/Realm/Content/MATERIALS/Temp_Materials/M_Keycard.uasset" 472
"../../../../../../../Users/Slade/OneDrive/Desktop/Realm Studio/Realm/Content/MATERIALS/Temp_Materials/M_Keycard1.uasset" 473
"../../../../../../../Users/Slade/OneDrive/Desktop/Realm Studio/Realm/Content/MATERIALS/Temp_Materials/M_Keycard2.uasset" 474
"../../../../../../../Users/Slade/OneDrive/Desktop/Realm Studio/Realm/Content/StaticMesh/Props/SM_Keycard.uasset" 475
"../../../../../../../Users/Slade/OneDrive/Desktop/Realm Studio/Realm/Content/StaticMesh/Props/BP_Keycard1.uasset" 476
"../../../../../../../Users/Slade/OneDrive/Desktop/Realm Studio/Realm/Content/Levels/Floor01_BuiltData.uasset" 477
"../../../../../../../Users/Slade/OneDrive/Desktop/Realm Studio/Realm/Content/TEXTURES/Single/Glass_AROM.uasset" 478
"../../../../../../../Users/Slade/OneDrive/Desktop/Realm Studio/Realm/Content/TEXTURES/Single/Glass_BC.uasset" 479
"../../../../../../../Users/Slade/OneDrive/Desktop/Realm Studio/Realm/Content/TEXTURES/Single/Glass_N.uasset" 480
"../../../../../../../Users/Slade/OneDrive/Desktop/Realm Studio/Realm/Content/MATERIALS/singleMATERIALS/M_Glass.uasset" 481
"../../../../../../../Users/Slade/OneDrive/Desktop/Realm Studio/Realm/Content/TEXTURES/Single/Hexagon_Floor_Albedo.uasset" 482
"../../../../../../../Users/Slade/OneDrive/Desktop/Realm Studio/Realm/Content/TEXTURES/Single/Hexagon_Floor_AO.uasset" 483
"../../../../../../../Users/Slade/OneDrive/Desktop/Realm Studio/Realm/Content/TEXTURES/Single/Hexagon_Floor_Gloss.uasset" 484
"../../../../../../../Users/Slade/OneDrive/Desktop/Realm Studio/Realm/Content/TEXTURES/Single/Hexagon_Floor_Normal.uasset" 485
"../../../../../../../Users/Slade/OneDrive/Desktop/Realm Studio/Realm/Content/TEXTURES/Single/Hexagon_Floor_Roughness.uasset" 486
"../../../../../../../Users/Slade/OneDrive/Desktop/Realm Studio/Realm/Content/MATERIALS/singleMATERIALS/Mat_Function/M_Standard_Single.uasset" 487
"../../../../../../../Users/Slade/OneDrive/Desktop/Realm Studio/Realm/Content/MATERIALS/singleMATERIALS/MI_HexagonFloor.uasset" 488
"../../../../../../../Users/Slade/OneDrive/Desktop/Realm Studio/Realm/Content/TEXTURES/Single/Metal_AORM.uasset" 489
"../../../../../../../Users/Slade/OneDrive/Desktop/Realm Studio/Realm/Content/TEXTURES/Single/Metal_BC.uasset" 490
"../../../../../../../Users/Slade/OneDrive/Desktop/Realm Studio/Realm/Content/TEXTURES/Single/Metal_N.uasset" 491
"../../../../../../../Users/Slade/OneDrive/Desktop/Realm Studio/Realm/Content/MATERIALS/singleMATERIALS/MI_Metal_Square.uasset" 492
"../../../../../../../Users/Slade/OneDrive/Desktop/Realm Studio/Realm/Content/Assets/labtable/labtable_low__Normal.uasset" 493
"../../../../../../../Users/Slade/OneDrive/Desktop/Realm Studio/Realm/Content/Assets/labtable/labtable_low_BaseColor.uasset" 494
"../../../../../../../Users/Slade/OneDrive/Desktop/Realm Studio/Realm/Content/Assets/labtable/labtable_low_OcclusionRoughnessMetallic.uasset" 495
"../../../../../../../Users/Slade/OneDrive/Desktop/Realm Studio/Realm/Content/Assets/labtable/labtable.uasset" 496
"../../../../../../../Users/Slade/OneDrive/Desktop/Realm Studio/Realm/Content/Assets/labtable/labtablesolid.uasset" 497
"../../../../../../../Users/Slade/OneDrive/Desktop/Realm Studio/Realm/Content/Assets/officechair/officechair_solid_low.uasset" 498
"../../../../../../../Users/Slade/OneDrive/Desktop/Realm Studio/Realm/Content/StaticMesh/Modular/SM_circleFloor.uasset" 499
"../../../../../../../Users/Slade/OneDrive/Desktop/Realm Studio/Realm/Content/StaticMesh/Modular/SM_Corner1.uasset" 500
"../../../../../../../Users/Slade/OneDrive/Desktop/Realm Studio/Realm/Content/StaticMesh/Modular/SM_Corner3.uasset" 501
"../../../../../../../Users/Slade/OneDrive/Desktop/Realm Studio/Realm/Content/StaticMesh/Modular/SM_doubleDoor.uasset" 502
"../../../../../../../Users/Slade/OneDrive/Desktop/Realm Studio/Realm/Content/StaticMesh/Modular/SM_enteranceFloor.uasset" 503
"../../../../../../../Users/Slade/OneDrive/Desktop/Realm Studio/Realm/Content/StaticMesh/Modular/SM_enteranceGlass.uasset" 504
"../../../../../../../Users/Slade/OneDrive/Desktop/Realm Studio/Realm/Content/StaticMesh/Modular/SM_enteranceGlass1.uasset" 505
"../../../../../../../Users/Slade/OneDrive/Desktop/Realm Studio/Realm/Content/StaticMesh/Modular/SM_envirGlass.uasset" 506
"../../../../../../../Users/Slade/OneDrive/Desktop/Realm Studio/Realm/Content/StaticMesh/Modular/SM_floorFrame.uasset" 507
"../../../../../../../Users/Slade/OneDrive/Desktop/Realm Studio/Realm/Content/StaticMesh/Modular/SM_floorWallCeiling.uasset" 508
"../../../../../../../Users/Slade/OneDrive/Desktop/Realm Studio/Realm/Content/StaticMesh/Modular/SM_leftRamp.uasset" 509
"../../../../../../../Users/Slade/OneDrive/Desktop/Realm Studio/Realm/Content/StaticMesh/Modular/SM_leftWindowwall.uasset" 510
"../../../../../../../Users/Slade/OneDrive/Desktop/Realm Studio/Realm/Content/StaticMesh/Modular/SM_rightRamp.uasset" 511
"../../../../../../../Users/Slade/OneDrive/Desktop/Realm Studio/Realm/Content/StaticMesh/Modular/SM_rightWindowwall.uasset" 512
"../../../../../../../Users/Slade/OneDrive/Desktop/Realm Studio/Realm/Content/StaticMesh/Modular/SM_Roof.uasset" 513
"../../../../../../../Users/Slade/OneDrive/Desktop/Realm Studio/Realm/Content/StaticMesh/Modular/SM_Roof1.uasset" 514
"../../../../../../../Users/Slade/OneDrive/Desktop/Realm Studio/Realm/Content/StaticMesh/Modular/SM_smallDoor.uasset" 515
"../../../../../../../Users/Slade/OneDrive/Desktop/Realm Studio/Realm/Content/StaticMesh/Modular/SM_Stair.uasset" 516
"../../../../../../../Users/Slade/OneDrive/Desktop/Realm Studio/Realm/Content/StaticMesh/Props/conference_table_new.uasset" 517
"../../../../../../../Users/Slade/OneDrive/Desktop/Realm Studio/Realm/Content/Levels/Floor01.umap" 518
"../../../../../../../Users/Slade/OneDrive/Desktop/Realm Studio/Realm/Content/Levels/Floor01_Lightnins_SubLevel1_BuiltData.uasset" 519
"../../../../../../../Users/Slade/OneDrive/Desktop/Realm Studio/Realm/Content/Levels/Floor01_Lightnins_SubLevel1.umap" 520
"../../../../../../../Users/Slade/OneDrive/Desktop/Realm Studio/Realm/Content/BLUEPRINTS/ACTORS/BP_GameEnd.uasset" 521
"../../../../../../../Users/Slade/OneDrive/Desktop/Realm Studio/Realm/Content/HUD/Floor2_Objectives/FindAWayToSecurityBridgeObjective.uasset" 522
"../../../../../../../Users/Slade/OneDrive/Desktop/Realm Studio/Realm/Content/StaticMesh/Modular/SPLINE_floorWallCeling.uasset" 523
"../../../../../../../Users/Slade/OneDrive/Desktop/Realm Studio/Realm/Content/StaticMesh/Modular/SM_Wall.uasset" 524
"../../../../../../../Users/Slade/OneDrive/Desktop/Realm Studio/Realm/Content/StaticMesh/Modular/SPLINE_Wall.uasset" 525
"../../../../../../../Users/Slade/OneDrive/Desktop/Realm Studio/Realm/Content/StaticMesh/Modular1/SM_glassWall.uasset" 526
"../../../../../../../Users/Slade/OneDrive/Desktop/Realm Studio/Realm/Content/StaticMesh/Modular1/SPLINE_glassWall.uasset" 527
"../../../../../../../Users/Slade/OneDrive/Desktop/Realm Studio/Realm/Content/StaticMesh/Modular1/SPLINE_Wall.uasset" 528
"../../../../../../../Users/Slade/OneDrive/Desktop/Realm Studio/Realm/Content/Levels/Floor02_BuiltData.uasset" 529
"../../../Engine/Content/BasicShapes/BasicShapeMaterial.uasset" 530
"../../../../../../../Users/Slade/OneDrive/Desktop/Realm Studio/Realm/Content/Geometry/Meshes/CubeMaterial.uasset" 531
"../../../../../../../Users/Slade/OneDrive/Desktop/Realm Studio/Realm/Content/StarterContent/Props/Materials/M_MaterialSphere_Plain.uasset" 532
"../../../Engine/Content/BasicShapes/Cube.uasset" 533
"../../../Engine/Content/BasicShapes/Cylinder.uasset" 534
"../../../Engine/Content/Functions/MaterialLayerFunctions/MatLayerBlend_NormalBlend.uasset" 535
"../../../Engine/Content/Functions/MaterialLayerFunctions/MatLayerBlend_Simple.uasset" 536
"../../../../../../../Users/Slade/OneDrive/Desktop/Realm Studio/Realm/Content/Mannequin/Character/Materials/MaterialLayers/T_ML_Rubber_Blue_01_D.uasset" 537
"../../../../../../../Users/Slade/OneDrive/Desktop/Realm Studio/Realm/Content/Mannequin/Character/Materials/MaterialLayers/T_ML_Rubber_Blue_01_N.uasset" 538
"../../../../../../../Users/Slade/OneDrive/Desktop/Realm Studio/Realm/Content/Mannequin/Character/Materials/MaterialLayers/ML_GlossyBlack_Latex_UE4.uasset" 539
"../../../../../../../Users/Slade/OneDrive/Desktop/Realm Studio/Realm/Content/Mannequin/Character/Materials/MaterialLayers/ML_Plastic_Shiny_Beige.uasset" 540
"../../../../../../../Users/Slade/OneDrive/Desktop/Realm Studio/Realm/Content/Mannequin/Character/Textures/UE4_LOGO_CARD.uasset" 541
"../../../../../../../Users/Slade/OneDrive/Desktop/Realm Studio/Realm/Content/Mannequin/Character/Materials/MaterialLayers/ML_Plastic_Shiny_Beige_LOGO.uasset" 542
"../../../../../../../Users/Slade/OneDrive/Desktop/Realm Studio/Realm/Content/Mannequin/Character/Materials/MaterialLayers/T_ML_Aluminum01.uasset" 543
"../../../../../../../Users/Slade/OneDrive/Desktop/Realm Studio/Realm/Content/Mannequin/Character/Materials/MaterialLayers/T_ML_Aluminum01_N.uasset" 544
"../../../../../../../Users/Slade/OneDrive/Desktop/Realm Studio/Realm/Content/Mannequin/Character/Materials/MaterialLayers/ML_SoftMetal_UE4.uasset" 545
"../../../../../../../Users/Slade/OneDrive/Desktop/Realm Studio/Realm/Content/Mannequin/Character/Textures/UE4_Mannequin__normals.uasset" 546
"../../../../../../../Users/Slade/OneDrive/Desktop/Realm Studio/Realm/Content/Mannequin/Character/Textures/UE4_Mannequin_MAT_MASKA.uasset" 547
"../../../../../../../Users/Slade/OneDrive/Desktop/Realm Studio/Realm/Content/Mannequin/Character/Materials/M_UE4Man_Body.uasset" 548
"../../../../../../../Users/Slade/OneDrive/Desktop/Realm Studio/Realm/Content/Mannequin/Character/Textures/UE4Man_Logo_N.uasset" 549
"../../../../../../../Users/Slade/OneDrive/Desktop/Realm Studio/Realm/Content/Mannequin/Character/Materials/M_UE4Man_ChestLogo.uasset" 550
"../../../../../../../Users/Slade/OneDrive/Desktop/Realm Studio/Realm/Content/Mannequin/Character/Mesh/SK_Mannequin_PhysicsAsset.uasset" 551
"../../../../../../../Users/Slade/OneDrive/Desktop/Realm Studio/Realm/Content/Mannequin/Character/Mesh/UE4_Mannequin_Skeleton.uasset" 552
"../../../../../../../Users/Slade/OneDrive/Desktop/Realm Studio/Realm/Content/Mannequin/Character/Mesh/SK_Mannequin.uasset" 553
"../../../../../../../Users/Slade/OneDrive/Desktop/Realm Studio/Realm/Content/StaticMesh/Modular/SM_Corner2.uasset" 554
"../../../../../../../Users/Slade/OneDrive/Desktop/Realm Studio/Realm/Content/StaticMesh/Modular/SM_wallWindowLeft.uasset" 555
"../../../../../../../Users/Slade/OneDrive/Desktop/Realm Studio/Realm/Content/StaticMesh/Modular/SM_wallWindowRight.uasset" 556
"../../../../../../../Users/Slade/OneDrive/Desktop/Realm Studio/Realm/Content/StaticMesh/Modular1/SM_circleFloor1.uasset" 557
"../../../../../../../Users/Slade/OneDrive/Desktop/Realm Studio/Realm/Content/StaticMesh/Modular1/SM_domeFrame.uasset" 558
"../../../../../../../Users/Slade/OneDrive/Desktop/Realm Studio/Realm/Content/StaticMesh/Modular1/SM_doubleDoor2.uasset" 559
"../../../../../../../Users/Slade/OneDrive/Desktop/Realm Studio/Realm/Content/StaticMesh/Modular1/SM_glassCorner.uasset" 560
"../../../../../../../Users/Slade/OneDrive/Desktop/Realm Studio/Realm/Content/StaticMesh/Modular1/SM_glassFront.uasset" 561
"../../../../../../../Users/Slade/OneDrive/Desktop/Realm Studio/Realm/Content/StaticMesh/Modular1/SM_halfDome.uasset" 562
"../../../../../../../Users/Slade/OneDrive/Desktop/Realm Studio/Realm/Content/StaticMesh/Modular1/SM_largeStair.uasset" 563
"../../../../../../../Users/Slade/OneDrive/Desktop/Realm Studio/Realm/Content/StaticMesh/Modular1/SM_railFloor.uasset" 564
"../../../../../../../Users/Slade/OneDrive/Desktop/Realm Studio/Realm/Content/StaticMesh/Modular1/SM_smallStair.uasset" 565
"../../../../../../../Users/Slade/OneDrive/Desktop/Realm Studio/Realm/Content/StaticMesh/Modular1/SM_Wall.uasset" 566
"../../../../../../../Users/Slade/OneDrive/Desktop/Realm Studio/Realm/Content/Levels/Floor02.umap" 567
"../../../../../../../Users/Slade/OneDrive/Desktop/Realm Studio/Realm/Content/Levels/Floor02_Lightnings_SubLevel1_BuiltData.uasset" 568
"../../../../../../../Users/Slade/OneDrive/Desktop/Realm Studio/Realm/Content/Levels/Floor02_Lightnings_SubLevel1.umap" 569
"../../../../../../../Users/Slade/OneDrive/Desktop/Realm Studio/Realm/Content/CHARACTERS/Soldier/AI/EQS/EQSTestingPawn.uasset" 570
"../../../../../../../Users/Slade/OneDrive/Desktop/Realm Studio/Realm/Content/HUD/Floor3_Objectives/EscapeObjective.uasset" 571
"../../../../../../../Users/Slade/OneDrive/Desktop/Realm Studio/Realm/Content/HUD/Floor3_Objectives/KeyCardObjective.uasset" 572
"../../../../../../../Users/Slade/OneDrive/Desktop/Realm Studio/Realm/Content/StaticMesh/Props/SM_Door.uasset" 573
"../../../../../../../Users/Slade/OneDrive/Desktop/Realm Studio/Realm/Content/StaticMesh/Props/BP_Door.uasset" 574
"../../../../../../../Users/Slade/OneDrive/Desktop/Realm Studio/Realm/Content/StaticMesh/Props/SM_enteranceDoor.uasset" 575
"../../../../../../../Users/Slade/OneDrive/Desktop/Realm Studio/Realm/Content/StaticMesh/Props/BP_Door1.uasset" 576
"../../../../../../../Users/Slade/OneDrive/Desktop/Realm Studio/Realm/Content/StaticMesh/Props/SM_Door1.uasset" 577
"../../../../../../../Users/Slade/OneDrive/Desktop/Realm Studio/Realm/Content/StaticMesh/Props/SM_Door2.uasset" 578
"../../../../../../../Users/Slade/OneDrive/Desktop/Realm Studio/Realm/Content/StaticMesh/Props/BP_Door2.uasset" 579
"../../../../../../../Users/Slade/OneDrive/Desktop/Realm Studio/Realm/Content/Levels/Floor03_BuiltData.uasset" 580
"../../../../../../../Users/Slade/OneDrive/Desktop/Realm Studio/Realm/Content/StaticMesh/Modular/SM_beamFrame.uasset" 581
"../../../../../../../Users/Slade/OneDrive/Desktop/Realm Studio/Realm/Content/StaticMesh/Props/SM_Frame.uasset" 582
"../../../../../../../Users/Slade/OneDrive/Desktop/Realm Studio/Realm/Content/StaticMesh/Props/SM_Frame2.uasset" 583
"../../../../../../../Users/Slade/OneDrive/Desktop/Realm Studio/Realm/Content/StaticMesh/Props/SM_Frame3.uasset" 584
"../../../../../../../Users/Slade/OneDrive/Desktop/Realm Studio/Realm/Content/StaticMesh/Props/SM_Framebeam.uasset" 585
"../../../../../../../Users/Slade/OneDrive/Desktop/Realm Studio/Realm/Content/StaticMesh/Props/SM_FrameBeam1.uasset" 586
"../../../../../../../Users/Slade/OneDrive/Desktop/Realm Studio/Realm/Content/StaticMesh/Props/SM_glassBeam.uasset" 587
"../../../../../../../Users/Slade/OneDrive/Desktop/Realm Studio/Realm/Content/Levels/Floor03.umap" 588
"../../../../../../../Users/Slade/OneDrive/Desktop/Realm Studio/Realm/Content/Levels/Floor03_Lightnings_SubLevel1_BuiltData.uasset" 589
"../../../../../../../Users/Slade/OneDrive/Desktop/Realm Studio/Realm/Content/Levels/Floor03_Lightnings_SubLevel1.umap" 590
"../../../../../../../Users/Slade/OneDrive/Desktop/Realm Studio/Realm/Content/Levels/Floor03_Props_SubLevel2_BuiltData.uasset" 591
"../../../../../../../Users/Slade/OneDrive/Desktop/Realm Studio/Realm/Content/StaticMesh/Props/SM_BarricadeCap.uasset" 592
"../../../../../../../Users/Slade/OneDrive/Desktop/Realm Studio/Realm/Content/StaticMesh/Props/SM_BarricadeOpen.uasset" 593
"../../../../../../../Users/Slade/OneDrive/Desktop/Realm Studio/Realm/Content/Levels/Floor03_Props_SubLevel2.umap" 594
"../../../Engine/Content/Maps/Entry_BuiltData.uasset" 595
"../../../Engine/Content/Maps/Entry.umap" 596
